<?xml version="1.0" encoding="UTF-8"?>
<testsuite xmlns:xsi="http://www.w3.org/2001/XMLSchema-instance" xsi:noNamespaceSchemaLocation="https://maven.apache.org/surefire/maven-surefire-plugin/xsd/surefire-test-report.xsd" name="inter.runnerClasses.CucumberTests" time="7.855" tests="26" errors="0" skipped="0" failures="0">
  <properties>
    <property name="java.specification.version" value="13"/>
    <property name="sun.cpu.isalist" value="amd64"/>
    <property name="sun.jnu.encoding" value="Cp1252"/>
    <property name="java.class.path" value="C:\Users\User\test\target\test-classes;C:\Users\User\test\target\classes;C:\Users\User\.m2\repository\io\rest-assured\rest-assured\3.3.0\rest-assured-3.3.0.jar;C:\Users\User\.m2\repository\org\codehaus\groovy\groovy\2.4.15\groovy-2.4.15.jar;C:\Users\User\.m2\repository\org\codehaus\groovy\groovy-xml\2.4.15\groovy-xml-2.4.15.jar;C:\Users\User\.m2\repository\org\apache\httpcomponents\httpclient\4.5.3\httpclient-4.5.3.jar;C:\Users\User\.m2\repository\org\apache\httpcomponents\httpcore\4.4.6\httpcore-4.4.6.jar;C:\Users\User\.m2\repository\commons-logging\commons-logging\1.2\commons-logging-1.2.jar;C:\Users\User\.m2\repository\commons-codec\commons-codec\1.9\commons-codec-1.9.jar;C:\Users\User\.m2\repository\org\apache\httpcomponents\httpmime\4.5.3\httpmime-4.5.3.jar;C:\Users\User\.m2\repository\org\hamcrest\hamcrest-core\1.3\hamcrest-core-1.3.jar;C:\Users\User\.m2\repository\org\hamcrest\hamcrest-library\1.3\hamcrest-library-1.3.jar;C:\Users\User\.m2\repository\org\ccil\cowan\tagsoup\tagsoup\1.2.1\tagsoup-1.2.1.jar;C:\Users\User\.m2\repository\io\rest-assured\json-path\3.3.0\json-path-3.3.0.jar;C:\Users\User\.m2\repository\org\codehaus\groovy\groovy-json\2.4.15\groovy-json-2.4.15.jar;C:\Users\User\.m2\repository\io\rest-assured\rest-assured-common\3.3.0\rest-assured-common-3.3.0.jar;C:\Users\User\.m2\repository\io\rest-assured\xml-path\3.3.0\xml-path-3.3.0.jar;C:\Users\User\.m2\repository\javax\xml\bind\jaxb-api\2.2.12\jaxb-api-2.2.12.jar;C:\Users\User\.m2\repository\com\sun\xml\bind\jaxb-osgi\2.2.10\jaxb-osgi-2.2.10.jar;C:\Users\User\.m2\repository\org\apache\sling\org.apache.sling.javax.activation\0.1.0\org.apache.sling.javax.activation-0.1.0.jar;C:\Users\User\.m2\repository\javax\activation\activation\1.1.1\activation-1.1.1.jar;C:\Users\User\.m2\repository\junit\junit\4.12\junit-4.12.jar;C:\Users\User\.m2\repository\com\tngtech\junit\dataprovider\junit4-dataprovider\2.4\junit4-dataprovider-2.4.jar;C:\Users\User\.m2\repository\com\tngtech\junit\dataprovider\junit-dataprovider-core\2.4\junit-dataprovider-core-2.4.jar;C:\Users\User\.m2\repository\com\github\spotbugs\spotbugs-annotations\3.1.5\spotbugs-annotations-3.1.5.jar;C:\Users\User\.m2\repository\com\google\code\findbugs\jsr305\3.0.2\jsr305-3.0.2.jar;C:\Users\User\.m2\repository\com\fasterxml\jackson\core\jackson-databind\2.9.8\jackson-databind-2.9.8.jar;C:\Users\User\.m2\repository\com\fasterxml\jackson\core\jackson-annotations\2.9.0\jackson-annotations-2.9.0.jar;C:\Users\User\.m2\repository\com\fasterxml\jackson\core\jackson-core\2.9.8\jackson-core-2.9.8.jar;C:\Users\User\.m2\repository\com\github\tomakehurst\wiremock-jre8\2.21.0\wiremock-jre8-2.21.0.jar;C:\Users\User\.m2\repository\org\eclipse\jetty\jetty-server\9.4.14.v20181114\jetty-server-9.4.14.v20181114.jar;C:\Users\User\.m2\repository\javax\servlet\javax.servlet-api\3.1.0\javax.servlet-api-3.1.0.jar;C:\Users\User\.m2\repository\org\eclipse\jetty\jetty-http\9.4.14.v20181114\jetty-http-9.4.14.v20181114.jar;C:\Users\User\.m2\repository\org\eclipse\jetty\jetty-io\9.4.14.v20181114\jetty-io-9.4.14.v20181114.jar;C:\Users\User\.m2\repository\org\eclipse\jetty\jetty-servlet\9.4.14.v20181114\jetty-servlet-9.4.14.v20181114.jar;C:\Users\User\.m2\repository\org\eclipse\jetty\jetty-security\9.4.14.v20181114\jetty-security-9.4.14.v20181114.jar;C:\Users\User\.m2\repository\org\eclipse\jetty\jetty-servlets\9.4.14.v20181114\jetty-servlets-9.4.14.v20181114.jar;C:\Users\User\.m2\repository\org\eclipse\jetty\jetty-continuation\9.4.14.v20181114\jetty-continuation-9.4.14.v20181114.jar;C:\Users\User\.m2\repository\org\eclipse\jetty\jetty-util\9.4.14.v20181114\jetty-util-9.4.14.v20181114.jar;C:\Users\User\.m2\repository\org\eclipse\jetty\jetty-webapp\9.4.14.v20181114\jetty-webapp-9.4.14.v20181114.jar;C:\Users\User\.m2\repository\org\eclipse\jetty\jetty-xml\9.4.14.v20181114\jetty-xml-9.4.14.v20181114.jar;C:\Users\User\.m2\repository\com\google\guava\guava\27.0.1-jre\guava-27.0.1-jre.jar;C:\Users\User\.m2\repository\com\google\guava\failureaccess\1.0.1\failureaccess-1.0.1.jar;C:\Users\User\.m2\repository\com\google\guava\listenablefuture\9999.0-empty-to-avoid-conflict-with-guava\listenablefuture-9999.0-empty-to-avoid-conflict-with-guava.jar;C:\Users\User\.m2\repository\org\checkerframework\checker-qual\2.5.2\checker-qual-2.5.2.jar;C:\Users\User\.m2\repository\com\google\errorprone\error_prone_annotations\2.2.0\error_prone_annotations-2.2.0.jar;C:\Users\User\.m2\repository\com\google\j2objc\j2objc-annotations\1.1\j2objc-annotations-1.1.jar;C:\Users\User\.m2\repository\org\codehaus\mojo\animal-sniffer-annotations\1.17\animal-sniffer-annotations-1.17.jar;C:\Users\User\.m2\repository\org\xmlunit\xmlunit-core\2.5.1\xmlunit-core-2.5.1.jar;C:\Users\User\.m2\repository\org\xmlunit\xmlunit-legacy\2.5.1\xmlunit-legacy-2.5.1.jar;C:\Users\User\.m2\repository\com\jayway\jsonpath\json-path\2.4.0\json-path-2.4.0.jar;C:\Users\User\.m2\repository\net\minidev\json-smart\2.3\json-smart-2.3.jar;C:\Users\User\.m2\repository\net\minidev\accessors-smart\1.2\accessors-smart-1.2.jar;C:\Users\User\.m2\repository\org\ow2\asm\asm\7.0\asm-7.0.jar;C:\Users\User\.m2\repository\org\slf4j\slf4j-api\1.7.12\slf4j-api-1.7.12.jar;C:\Users\User\.m2\repository\net\sf\jopt-simple\jopt-simple\5.0.3\jopt-simple-5.0.3.jar;C:\Users\User\.m2\repository\org\apache\commons\commons-lang3\3.7\commons-lang3-3.7.jar;C:\Users\User\.m2\repository\com\flipkart\zjsonpatch\zjsonpatch\0.4.4\zjsonpatch-0.4.4.jar;C:\Users\User\.m2\repository\com\github\jknack\handlebars\4.1.2\handlebars-4.1.2.jar;C:\Users\User\.m2\repository\com\github\jknack\handlebars-helpers\4.1.2\handlebars-helpers-4.1.2.jar;C:\Users\User\.m2\repository\info\cukes\cucumber-java\1.2.5\cucumber-java-1.2.5.jar;C:\Users\User\.m2\repository\info\cukes\cucumber-core\1.2.5\cucumber-core-1.2.5.jar;C:\Users\User\.m2\repository\info\cukes\cucumber-html\0.2.3\cucumber-html-0.2.3.jar;C:\Users\User\.m2\repository\info\cukes\cucumber-jvm-deps\1.0.5\cucumber-jvm-deps-1.0.5.jar;C:\Users\User\.m2\repository\info\cukes\gherkin\2.12.2\gherkin-2.12.2.jar;C:\Users\User\.m2\repository\info\cukes\cucumber-junit\1.2.5\cucumber-junit-1.2.5.jar;C:\Users\User\.m2\repository\com\google\code\gson\gson\2.8.5\gson-2.8.5.jar;"/>
    <property name="java.vm.vendor" value="Oracle Corporation"/>
    <property name="sun.arch.data.model" value="64"/>
    <property name="user.variant" value=""/>
    <property name="java.vendor.url" value="https://java.oracle.com/"/>
    <property name="user.timezone" value="Europe/London"/>
    <property name="os.name" value="Windows 10"/>
    <property name="java.vm.specification.version" value="13"/>
    <property name="sun.java.launcher" value="SUN_STANDARD"/>
    <property name="user.country" value="GB"/>
    <property name="sun.boot.library.path" value="C:\Program Files\Java\jdk-13.0.1\bin"/>
    <property name="sun.java.command" value="C:\Users\User\AppData\Local\Temp\surefire9181298313802819735\surefirebooter5070256303113169249.jar C:\Users\User\AppData\Local\Temp\surefire9181298313802819735 2020-01-31T16-35-30_343-jvmRun1 surefire12729801887946459840tmp surefire_09047214779169825900tmp"/>
    <property name="jdk.debug" value="release"/>
    <property name="surefire.test.class.path" value="C:\Users\User\test\target\test-classes;C:\Users\User\test\target\classes;C:\Users\User\.m2\repository\io\rest-assured\rest-assured\3.3.0\rest-assured-3.3.0.jar;C:\Users\User\.m2\repository\org\codehaus\groovy\groovy\2.4.15\groovy-2.4.15.jar;C:\Users\User\.m2\repository\org\codehaus\groovy\groovy-xml\2.4.15\groovy-xml-2.4.15.jar;C:\Users\User\.m2\repository\org\apache\httpcomponents\httpclient\4.5.3\httpclient-4.5.3.jar;C:\Users\User\.m2\repository\org\apache\httpcomponents\httpcore\4.4.6\httpcore-4.4.6.jar;C:\Users\User\.m2\repository\commons-logging\commons-logging\1.2\commons-logging-1.2.jar;C:\Users\User\.m2\repository\commons-codec\commons-codec\1.9\commons-codec-1.9.jar;C:\Users\User\.m2\repository\org\apache\httpcomponents\httpmime\4.5.3\httpmime-4.5.3.jar;C:\Users\User\.m2\repository\org\hamcrest\hamcrest-core\1.3\hamcrest-core-1.3.jar;C:\Users\User\.m2\repository\org\hamcrest\hamcrest-library\1.3\hamcrest-library-1.3.jar;C:\Users\User\.m2\repository\org\ccil\cowan\tagsoup\tagsoup\1.2.1\tagsoup-1.2.1.jar;C:\Users\User\.m2\repository\io\rest-assured\json-path\3.3.0\json-path-3.3.0.jar;C:\Users\User\.m2\repository\org\codehaus\groovy\groovy-json\2.4.15\groovy-json-2.4.15.jar;C:\Users\User\.m2\repository\io\rest-assured\rest-assured-common\3.3.0\rest-assured-common-3.3.0.jar;C:\Users\User\.m2\repository\io\rest-assured\xml-path\3.3.0\xml-path-3.3.0.jar;C:\Users\User\.m2\repository\javax\xml\bind\jaxb-api\2.2.12\jaxb-api-2.2.12.jar;C:\Users\User\.m2\repository\com\sun\xml\bind\jaxb-osgi\2.2.10\jaxb-osgi-2.2.10.jar;C:\Users\User\.m2\repository\org\apache\sling\org.apache.sling.javax.activation\0.1.0\org.apache.sling.javax.activation-0.1.0.jar;C:\Users\User\.m2\repository\javax\activation\activation\1.1.1\activation-1.1.1.jar;C:\Users\User\.m2\repository\junit\junit\4.12\junit-4.12.jar;C:\Users\User\.m2\repository\com\tngtech\junit\dataprovider\junit4-dataprovider\2.4\junit4-dataprovider-2.4.jar;C:\Users\User\.m2\repository\com\tngtech\junit\dataprovider\junit-dataprovider-core\2.4\junit-dataprovider-core-2.4.jar;C:\Users\User\.m2\repository\com\github\spotbugs\spotbugs-annotations\3.1.5\spotbugs-annotations-3.1.5.jar;C:\Users\User\.m2\repository\com\google\code\findbugs\jsr305\3.0.2\jsr305-3.0.2.jar;C:\Users\User\.m2\repository\com\fasterxml\jackson\core\jackson-databind\2.9.8\jackson-databind-2.9.8.jar;C:\Users\User\.m2\repository\com\fasterxml\jackson\core\jackson-annotations\2.9.0\jackson-annotations-2.9.0.jar;C:\Users\User\.m2\repository\com\fasterxml\jackson\core\jackson-core\2.9.8\jackson-core-2.9.8.jar;C:\Users\User\.m2\repository\com\github\tomakehurst\wiremock-jre8\2.21.0\wiremock-jre8-2.21.0.jar;C:\Users\User\.m2\repository\org\eclipse\jetty\jetty-server\9.4.14.v20181114\jetty-server-9.4.14.v20181114.jar;C:\Users\User\.m2\repository\javax\servlet\javax.servlet-api\3.1.0\javax.servlet-api-3.1.0.jar;C:\Users\User\.m2\repository\org\eclipse\jetty\jetty-http\9.4.14.v20181114\jetty-http-9.4.14.v20181114.jar;C:\Users\User\.m2\repository\org\eclipse\jetty\jetty-io\9.4.14.v20181114\jetty-io-9.4.14.v20181114.jar;C:\Users\User\.m2\repository\org\eclipse\jetty\jetty-servlet\9.4.14.v20181114\jetty-servlet-9.4.14.v20181114.jar;C:\Users\User\.m2\repository\org\eclipse\jetty\jetty-security\9.4.14.v20181114\jetty-security-9.4.14.v20181114.jar;C:\Users\User\.m2\repository\org\eclipse\jetty\jetty-servlets\9.4.14.v20181114\jetty-servlets-9.4.14.v20181114.jar;C:\Users\User\.m2\repository\org\eclipse\jetty\jetty-continuation\9.4.14.v20181114\jetty-continuation-9.4.14.v20181114.jar;C:\Users\User\.m2\repository\org\eclipse\jetty\jetty-util\9.4.14.v20181114\jetty-util-9.4.14.v20181114.jar;C:\Users\User\.m2\repository\org\eclipse\jetty\jetty-webapp\9.4.14.v20181114\jetty-webapp-9.4.14.v20181114.jar;C:\Users\User\.m2\repository\org\eclipse\jetty\jetty-xml\9.4.14.v20181114\jetty-xml-9.4.14.v20181114.jar;C:\Users\User\.m2\repository\com\google\guava\guava\27.0.1-jre\guava-27.0.1-jre.jar;C:\Users\User\.m2\repository\com\google\guava\failureaccess\1.0.1\failureaccess-1.0.1.jar;C:\Users\User\.m2\repository\com\google\guava\listenablefuture\9999.0-empty-to-avoid-conflict-with-guava\listenablefuture-9999.0-empty-to-avoid-conflict-with-guava.jar;C:\Users\User\.m2\repository\org\checkerframework\checker-qual\2.5.2\checker-qual-2.5.2.jar;C:\Users\User\.m2\repository\com\google\errorprone\error_prone_annotations\2.2.0\error_prone_annotations-2.2.0.jar;C:\Users\User\.m2\repository\com\google\j2objc\j2objc-annotations\1.1\j2objc-annotations-1.1.jar;C:\Users\User\.m2\repository\org\codehaus\mojo\animal-sniffer-annotations\1.17\animal-sniffer-annotations-1.17.jar;C:\Users\User\.m2\repository\org\xmlunit\xmlunit-core\2.5.1\xmlunit-core-2.5.1.jar;C:\Users\User\.m2\repository\org\xmlunit\xmlunit-legacy\2.5.1\xmlunit-legacy-2.5.1.jar;C:\Users\User\.m2\repository\com\jayway\jsonpath\json-path\2.4.0\json-path-2.4.0.jar;C:\Users\User\.m2\repository\net\minidev\json-smart\2.3\json-smart-2.3.jar;C:\Users\User\.m2\repository\net\minidev\accessors-smart\1.2\accessors-smart-1.2.jar;C:\Users\User\.m2\repository\org\ow2\asm\asm\7.0\asm-7.0.jar;C:\Users\User\.m2\repository\org\slf4j\slf4j-api\1.7.12\slf4j-api-1.7.12.jar;C:\Users\User\.m2\repository\net\sf\jopt-simple\jopt-simple\5.0.3\jopt-simple-5.0.3.jar;C:\Users\User\.m2\repository\org\apache\commons\commons-lang3\3.7\commons-lang3-3.7.jar;C:\Users\User\.m2\repository\com\flipkart\zjsonpatch\zjsonpatch\0.4.4\zjsonpatch-0.4.4.jar;C:\Users\User\.m2\repository\com\github\jknack\handlebars\4.1.2\handlebars-4.1.2.jar;C:\Users\User\.m2\repository\com\github\jknack\handlebars-helpers\4.1.2\handlebars-helpers-4.1.2.jar;C:\Users\User\.m2\repository\info\cukes\cucumber-java\1.2.5\cucumber-java-1.2.5.jar;C:\Users\User\.m2\repository\info\cukes\cucumber-core\1.2.5\cucumber-core-1.2.5.jar;C:\Users\User\.m2\repository\info\cukes\cucumber-html\0.2.3\cucumber-html-0.2.3.jar;C:\Users\User\.m2\repository\info\cukes\cucumber-jvm-deps\1.0.5\cucumber-jvm-deps-1.0.5.jar;C:\Users\User\.m2\repository\info\cukes\gherkin\2.12.2\gherkin-2.12.2.jar;C:\Users\User\.m2\repository\info\cukes\cucumber-junit\1.2.5\cucumber-junit-1.2.5.jar;C:\Users\User\.m2\repository\com\google\code\gson\gson\2.8.5\gson-2.8.5.jar;"/>
    <property name="sun.cpu.endian" value="little"/>
    <property name="user.home" value="C:\Users\User"/>
    <property name="user.language" value="en"/>
    <property name="java.specification.vendor" value="Oracle Corporation"/>
    <property name="java.version.date" value="2019-10-15"/>
    <property name="java.home" value="C:\Program Files\Java\jdk-13.0.1"/>
    <property name="file.separator" value="\"/>
    <property name="basedir" value="C:\Users\User\test"/>
    <property name="java.vm.compressedOopsMode" value="Zero based"/>
    <property name="line.separator" value="&#10;"/>
    <property name="java.vm.specification.vendor" value="Oracle Corporation"/>
    <property name="java.specification.name" value="Java Platform API Specification"/>
    <property name="surefire.real.class.path" value="C:\Users\User\AppData\Local\Temp\surefire9181298313802819735\surefirebooter5070256303113169249.jar"/>
    <property name="user.script" value=""/>
    <property name="sun.management.compiler" value="HotSpot 64-Bit Tiered Compilers"/>
    <property name="java.runtime.version" value="13.0.1+9"/>
    <property name="user.name" value="User"/>
    <property name="path.separator" value=";"/>
    <property name="os.version" value="10.0"/>
    <property name="java.runtime.name" value="Java(TM) SE Runtime Environment"/>
    <property name="file.encoding" value="Cp1252"/>
    <property name="java.vm.name" value="Java HotSpot(TM) 64-Bit Server VM"/>
    <property name="localRepository" value="C:\Users\User\.m2\repository"/>
    <property name="java.vendor.url.bug" value="https://bugreport.java.com/bugreport/"/>
    <property name="java.io.tmpdir" value="C:\Users\User\AppData\Local\Temp\"/>
    <property name="java.version" value="13.0.1"/>
    <property name="user.dir" value="C:\Users\User\test"/>
    <property name="os.arch" value="amd64"/>
    <property name="java.vm.specification.name" value="Java Virtual Machine Specification"/>
    <property name="sun.os.patch.level" value=""/>
    <property name="java.library.path" value="C:\Program Files\Java\jdk-13.0.1\bin;C:\WINDOWS\Sun\Java\bin;C:\WINDOWS\system32;C:\WINDOWS;C:\Program Files (x86)\Common Files\Oracle\Java\javapath;C:\Program Files (x86)\Intel\Intel(R) Management Engine Components\iCLS\;C:\Program Files\Intel\Intel(R) Management Engine Components\iCLS\;C:\WINDOWS\system32;C:\WINDOWS;C:\WINDOWS\System32\Wbem;C:\WINDOWS\System32\WindowsPowerShell\v1.0\;C:\WINDOWS\System32\OpenSSH\;C:\Program Files (x86)\Intel\Intel(R) Management Engine Components\DAL;C:\Program Files\Intel\Intel(R) Management Engine Components\DAL;C:\Program Files (x86)\Intel\Intel(R) Management Engine Components\IPT;C:\Program Files\Intel\Intel(R) Management Engine Components\IPT;C:\Program Files\Intel\WiFi\bin\;C:\Program Files\Common Files\Intel\WirelessCommon\;C:\Program Files\Java\jdk-13.0.1\bin;C:\Users\User\Downloads\apache-maven-3.6.3-bin\apache-maven-3.6.3\bin;C:\Users\User\AppData\Local\Microsoft\WindowsApps;;."/>
    <property name="java.vm.info" value="mixed mode, sharing"/>
    <property name="java.vendor" value="Oracle Corporation"/>
    <property name="java.vm.version" value="13.0.1+9"/>
    <property name="sun.io.unicode.encoding" value="UnicodeLittle"/>
    <property name="java.class.version" value="57.0"/>
  </properties>
  <testcase name="Given the baseURI is set" classname="| 1 | Leanne Graham | Sincere@april.biz | Kulas Light | Gwenborough | Apt. 556 | 92998-3874 | -37.3159 | 81.1496 | 1-770-736-8031 x56442 | hildegard.org | Users |" time="0.002"/>
  <testcase name="Given I make a get request to the &quot;Users&quot; using &quot;1&quot;" classname="| 1 | Leanne Graham | Sincere@april.biz | Kulas Light | Gwenborough | Apt. 556 | 92998-3874 | -37.3159 | 81.1496 | 1-770-736-8031 x56442 | hildegard.org | Users |" time="0"/>
  <testcase name="Then response status code should be 200" classname="| 1 | Leanne Graham | Sincere@april.biz | Kulas Light | Gwenborough | Apt. 556 | 92998-3874 | -37.3159 | 81.1496 | 1-770-736-8031 x56442 | hildegard.org | Users |" time="0"/>
  <testcase name="And response should include the following &quot;Leanne Graham&quot; &quot;Sincere@april.biz&quot; &quot;Kulas Light&quot; &quot;Gwenborough&quot; &quot;Apt. 556&quot; &quot;92998-3874&quot; &quot;-37.3159&quot; &quot;81.1496&quot; &quot;1-770-736-8031 x56442&quot; &quot;hildegard.org&quot;" classname="| 1 | Leanne Graham | Sincere@april.biz | Kulas Light | Gwenborough | Apt. 556 | 92998-3874 | -37.3159 | 81.1496 | 1-770-736-8031 x56442 | hildegard.org | Users |" time="0"/>
  <testcase name="| 1 | Leanne Graham | Sincere@april.biz | Kulas Light | Gwenborough | Apt. 556 | 92998-3874 | -37.3159 | 81.1496 | 1-770-736-8031 x56442 | hildegard.org | Users |" classname="| 1 | Leanne Graham | Sincere@april.biz | Kulas Light | Gwenborough | Apt. 556 | 92998-3874 | -37.3159 | 81.1496 | 1-770-736-8031 x56442 | hildegard.org | Users |" time="0"/>
  <testcase name="Given the baseURI is set" classname="| 100 | Users |" time="0"/>
  <testcase name="Given I make a get request to the &quot;Users&quot; using &quot;100&quot;" classname="| 100 | Users |" time="0"/>
  <testcase name="Then response status code should be 404" classname="| 100 | Users |" time="0"/>
  <testcase name="| 100 | Users |" classname="| 100 | Users |" time="0"/>
  <testcase name="Given the baseURI is set" classname="| users | Leanne Graham | Bret | Sincere@april.biz | Kulas Light | Gwenborough | Apt. 556 | 92998-3874 | -37.3159 | 81.1496 | 1-770-736-8031 x56442 | hildegard.org | Romaguera-Crona | Multi-layered client-server neural-net | harness real-time e-markets |" time="0"/>
  <testcase name="Given I make a post request to the &quot;users&quot; using &quot;Leanne Graham&quot; &quot;Bret&quot; &quot;Sincere@april.biz&quot; &quot;Kulas Light&quot; &quot;Gwenborough&quot; &quot;Apt. 556&quot; &quot;92998-3874&quot; &quot;-37.3159&quot; &quot;81.1496&quot; &quot;1-770-736-8031 x56442&quot; &quot;hildegard.org&quot; &quot;Romaguera-Crona&quot; &quot;Multi-layered client-server neural-net&quot; &quot;harness real-time e-markets&quot;" classname="| users | Leanne Graham | Bret | Sincere@april.biz | Kulas Light | Gwenborough | Apt. 556 | 92998-3874 | -37.3159 | 81.1496 | 1-770-736-8031 x56442 | hildegard.org | Romaguera-Crona | Multi-layered client-server neural-net | harness real-time e-markets |" time="0"/>
  <testcase name="Then response status code should be 201" classname="| users | Leanne Graham | Bret | Sincere@april.biz | Kulas Light | Gwenborough | Apt. 556 | 92998-3874 | -37.3159 | 81.1496 | 1-770-736-8031 x56442 | hildegard.org | Romaguera-Crona | Multi-layered client-server neural-net | harness real-time e-markets |" time="0.001"/>
  <testcase name="| users | Leanne Graham | Bret | Sincere@april.biz | Kulas Light | Gwenborough | Apt. 556 | 92998-3874 | -37.3159 | 81.1496 | 1-770-736-8031 x56442 | hildegard.org | Romaguera-Crona | Multi-layered client-server neural-net | harness real-time e-markets |" classname="| users | Leanne Graham | Bret | Sincere@april.biz | Kulas Light | Gwenborough | Apt. 556 | 92998-3874 | -37.3159 | 81.1496 | 1-770-736-8031 x56442 | hildegard.org | Romaguera-Crona | Multi-layered client-server neural-net | harness real-time e-markets |" time="0.001"/>
  <testcase name="Given the baseURI is set" classname="| 1 | users | Leanne Graham | Bret | Sincere@april.biz | Kulas Light | Gwenborough | Apt. 556 | 92998-3874 | -37.3159 | 81.1496 | 1-770-736-8031 x56442 | hildegard.org | Romaguera-Crona | Multi-layered client-server neural-net | harness real-time e-markets |" time="0"/>
  <testcase name="Given I make a put request to the &quot;users&quot; using &quot;Leanne Graham&quot; &quot;Bret&quot; &quot;Sincere@april.biz&quot; &quot;Kulas Light&quot; &quot;Gwenborough&quot; &quot;Apt. 556&quot; &quot;92998-3874&quot; &quot;-37.3159&quot; &quot;81.1496&quot; &quot;1-770-736-8031 x56442&quot; &quot;hildegard.org&quot; &quot;Romaguera-Crona&quot; &quot;Multi-layered client-server neural-net&quot; &quot;harness real-time e-markets&quot; &quot;1&quot;" classname="| 1 | users | Leanne Graham | Bret | Sincere@april.biz | Kulas Light | Gwenborough | Apt. 556 | 92998-3874 | -37.3159 | 81.1496 | 1-770-736-8031 x56442 | hildegard.org | Romaguera-Crona | Multi-layered client-server neural-net | harness real-time e-markets |" time="0"/>
  <testcase name="Then response status code should be 200" classname="| 1 | users | Leanne Graham | Bret | Sincere@april.biz | Kulas Light | Gwenborough | Apt. 556 | 92998-3874 | -37.3159 | 81.1496 | 1-770-736-8031 x56442 | hildegard.org | Romaguera-Crona | Multi-layered client-server neural-net | harness real-time e-markets |" time="0.007"/>
  <testcase name="| 1 | users | Leanne Graham | Bret | Sincere@april.biz | Kulas Light | Gwenborough | Apt. 556 | 92998-3874 | -37.3159 | 81.1496 | 1-770-736-8031 x56442 | hildegard.org | Romaguera-Crona | Multi-layered client-server neural-net | harness real-time e-markets |" classname="| 1 | users | Leanne Graham | Bret | Sincere@april.biz | Kulas Light | Gwenborough | Apt. 556 | 92998-3874 | -37.3159 | 81.1496 | 1-770-736-8031 x56442 | hildegard.org | Romaguera-Crona | Multi-layered client-server neural-net | harness real-time e-markets |" time="0.007"/>
  <testcase name="Given the baseURI is set" classname="| 15 | users | Leanne Graham | Bret | Sincere@april.biz | Kulas Light | Gwenborough | Apt. 556 | 92998-3874 | -37.3159 | 81.1496 | 1-770-736-8031 x56442 | hildegard.org | Romaguera-Crona | Multi-layered client-server neural-net | harness real-time e-markets |" time="0.001"/>
  <testcase name="Given I make a put request to the &quot;users&quot; using &quot;Leanne Graham&quot; &quot;Bret&quot; &quot;Sincere@april.biz&quot; &quot;Kulas Light&quot; &quot;Gwenborough&quot; &quot;Apt. 556&quot; &quot;92998-3874&quot; &quot;-37.3159&quot; &quot;81.1496&quot; &quot;1-770-736-8031 x56442&quot; &quot;hildegard.org&quot; &quot;Romaguera-Crona&quot; &quot;Multi-layered client-server neural-net&quot; &quot;harness real-time e-markets&quot; &quot;15&quot;" classname="| 15 | users | Leanne Graham | Bret | Sincere@april.biz | Kulas Light | Gwenborough | Apt. 556 | 92998-3874 | -37.3159 | 81.1496 | 1-770-736-8031 x56442 | hildegard.org | Romaguera-Crona | Multi-layered client-server neural-net | harness real-time e-markets |" time="0.001"/>
  <testcase name="Then response status code should be 500" classname="| 15 | users | Leanne Graham | Bret | Sincere@april.biz | Kulas Light | Gwenborough | Apt. 556 | 92998-3874 | -37.3159 | 81.1496 | 1-770-736-8031 x56442 | hildegard.org | Romaguera-Crona | Multi-layered client-server neural-net | harness real-time e-markets |" time="0"/>
  <testcase name="| 15 | users | Leanne Graham | Bret | Sincere@april.biz | Kulas Light | Gwenborough | Apt. 556 | 92998-3874 | -37.3159 | 81.1496 | 1-770-736-8031 x56442 | hildegard.org | Romaguera-Crona | Multi-layered client-server neural-net | harness real-time e-markets |" classname="| 15 | users | Leanne Graham | Bret | Sincere@april.biz | Kulas Light | Gwenborough | Apt. 556 | 92998-3874 | -37.3159 | 81.1496 | 1-770-736-8031 x56442 | hildegard.org | Romaguera-Crona | Multi-layered client-server neural-net | harness real-time e-markets |" time="0"/>
  <testcase name="Given the baseURI is set" classname="| Leanne Graham | Sincere@april.biz | Kulas Light | Gwenborough | Apt. 556 | 92998-3874 | -37.3159 | 81.1496 | 1-770-736-8031 x56442 | hildegard.org | Users |" time="0"/>
  <testcase name="Given I make a search request to the &quot;Users&quot; using &quot;Sincere@april.biz&quot;" classname="| Leanne Graham | Sincere@april.biz | Kulas Light | Gwenborough | Apt. 556 | 92998-3874 | -37.3159 | 81.1496 | 1-770-736-8031 x56442 | hildegard.org | Users |" time="0.001"/>
  <testcase name="Then response status code should be 200" classname="| Leanne Graham | Sincere@april.biz | Kulas Light | Gwenborough | Apt. 556 | 92998-3874 | -37.3159 | 81.1496 | 1-770-736-8031 x56442 | hildegard.org | Users |" time="0"/>
  <testcase name="And response in the list should include the following &quot;Leanne Graham&quot; &quot;Sincere@april.biz&quot; &quot;Kulas Light&quot; &quot;Gwenborough&quot; &quot;Apt. 556&quot; &quot;92998-3874&quot; &quot;-37.3159&quot; &quot;81.1496&quot; &quot;1-770-736-8031 x56442&quot; &quot;hildegard.org&quot;" classname="| Leanne Graham | Sincere@april.biz | Kulas Light | Gwenborough | Apt. 556 | 92998-3874 | -37.3159 | 81.1496 | 1-770-736-8031 x56442 | hildegard.org | Users |" time="0"/>
  <testcase name="| Leanne Graham | Sincere@april.biz | Kulas Light | Gwenborough | Apt. 556 | 92998-3874 | -37.3159 | 81.1496 | 1-770-736-8031 x56442 | hildegard.org | Users |" classname="| Leanne Graham | Sincere@april.biz | Kulas Light | Gwenborough | Apt. 556 | 92998-3874 | -37.3159 | 81.1496 | 1-770-736-8031 x56442 | hildegard.org | Users |" time="0"/>
</testsuite>